C51 COMPILER V9.59.0.0   I2C                                                               02/06/2020 12:00:19 PAGE 1   


C51 COMPILER V9.59.0.0, COMPILATION OF MODULE I2C
OBJECT MODULE PLACED IN .\Objects\i2c.obj
COMPILER INVOKED BY: C:\Keil_v5\C51\BIN\C51.EXE i2c.c OMF2 OPTIMIZE(8,SPEED) BROWSE DEBUG PRINT(.\Listings\i2c.lst) TABS
                    -(2) OBJECT(.\Objects\i2c.obj)

line level    source

   1          #include "stc8.h"
   2          #include "intrins.h"
   3          #include "i2c.h"
   4          
   5          #define I2CCFG          (*(unsigned char volatile xdata *)0xfe80)
   6          #define I2CMSCR         (*(unsigned char volatile xdata *)0xfe81)
   7          #define I2CMSST         (*(unsigned char volatile xdata *)0xfe82)
   8          #define I2CSLCR         (*(unsigned char volatile xdata *)0xfe83)
   9          #define I2CSLST         (*(unsigned char volatile xdata *)0xfe84)
  10          #define I2CSLADR        (*(unsigned char volatile xdata *)0xfe85)
  11          #define I2CTXD          (*(unsigned char volatile xdata *)0xfe86)
  12          #define I2CRXD          (*(unsigned char volatile xdata *)0xfe87)
  13          
  14          sbit    SDA         =   P1^4;
  15          sbit    SCL         =   P1^5;
  16          
  17          void i2c_wait()
  18          {
  19   1          while (!(I2CMSST & 0x40));
  20   1          I2CMSST &= ~0x40;
  21   1      }
  22          
  23          void i2c_start()
  24          {
  25   1          I2CMSCR = 0x01;                             //发送START命令
  26   1          i2c_wait();
  27   1      }
  28          
  29          void i2c_sendData(char dat)
  30          {
  31   1          I2CTXD = dat;                               //写数据到数据缓冲区
  32   1          I2CMSCR = 0x02;                             //发送SEND命令
  33   1          i2c_wait();
  34   1      }
  35          
  36          void i2c_recvACK()
  37          {
  38   1          I2CMSCR = 0x03;                             //发送读ACK命令
  39   1          i2c_wait();
  40   1      }
  41          
  42          char i2c_recvData()
  43          {
  44   1          I2CMSCR = 0x04;                             //发送RECV命令
  45   1          i2c_wait();
  46   1          return I2CRXD;
  47   1      }
  48          
  49          void i2c_sendACK()
  50          {
  51   1          I2CMSST = 0x00;                             //设置ACK信号
  52   1          I2CMSCR = 0x05;                             //发送ACK命令
  53   1          i2c_wait();
  54   1      }
C51 COMPILER V9.59.0.0   I2C                                                               02/06/2020 12:00:19 PAGE 2   

  55          
  56          void i2c_sendNAK()
  57          {
  58   1          I2CMSST = 0x01;                             //设置NAK信号
  59   1          I2CMSCR = 0x05;                             //发送ACK命令
  60   1          i2c_wait();
  61   1      }
  62          
  63          void i2c_stop()
  64          {
  65   1          I2CMSCR = 0x06;                             //发送STOP命令
  66   1          i2c_wait();
  67   1      }
  68          
  69          void i2c_init()
  70          {
  71   1          P_SW2 = 0x80;
  72   1          I2CCFG = 0xe0;                              //使能I2C主机模式
  73   1          I2CMSST = 0x00;
  74   1      }
  75          /*
  76              demo
  77              demo
  78              demo
  79              Start();                                    //发送起始命令
  80              SendData(0x5a);                             //发送设备地址+写命令
  81              RecvACK();
  82              SendData(0x00);                             //发送存储地址
  83              RecvACK();
  84              SendData(0x12);                             //写测试数据1
  85              RecvACK();
  86              SendData(0x78);                             //写测试数据2
  87              RecvACK();
  88              Stop();                                     //发送停止命令
  89          
  90              Start();                                    //发送起始命令
  91              SendData(0x5a);                             //发送设备地址+写命令
  92              RecvACK();
  93              SendData(0x00);                             //发送存储地址高字节
  94              RecvACK();
  95              Start();                                    //发送起始命令
  96              SendData(0x5b);                             //发送设备地址+读命令
  97              RecvACK();
  98              P0 = RecvData();                            //读取数据1
  99              SendACK();
 100              P2 = RecvData();                            //读取数据2
 101              SendNAK();
 102              Stop();                                     //发送停止命令
 103          
 104              P_SW2 = 0x00;
 105          */
 106          


MODULE INFORMATION:   STATIC OVERLAYABLE
   CODE SIZE        =    112    ----
   CONSTANT SIZE    =   ----    ----
   XDATA SIZE       =   ----    ----
   PDATA SIZE       =   ----    ----
   DATA SIZE        =   ----    ----
   IDATA SIZE       =   ----    ----
   BIT SIZE         =   ----    ----
C51 COMPILER V9.59.0.0   I2C                                                               02/06/2020 12:00:19 PAGE 3   

   EDATA SIZE       =   ----    ----
   HDATA SIZE       =   ----    ----
   XDATA CONST SIZE =   ----    ----
   FAR CONST SIZE   =   ----    ----
END OF MODULE INFORMATION.


C51 COMPILATION COMPLETE.  0 WARNING(S),  0 ERROR(S)
