C51 COMPILER V9.59.0.0   UART2                                                             02/06/2020 12:00:18 PAGE 1   


C51 COMPILER V9.59.0.0, COMPILATION OF MODULE UART2
OBJECT MODULE PLACED IN .\Objects\uart2.obj
COMPILER INVOKED BY: C:\Keil_v5\C51\BIN\C51.EXE uart2.c OMF2 OPTIMIZE(8,SPEED) BROWSE DEBUG PRINT(.\Listings\uart2.lst) 
                    -TABS(2) OBJECT(.\Objects\uart2.obj)

line level    source

   1          //uart2 using timer2
   2          
   3          #include "stc8.h"
   4          #include "intrins.h"
   5          #include "uart2.h"
   6          
   7          extern char uart2buf[50];
   8          extern int uart2datacount=0;
   9          typedef unsigned char BYTE;
  10          typedef unsigned int WORD;
  11          
  12          #define FOSC 27000000L          //系统频率
  13          #define BAUD 115200             //串口波特率
  14          
  15          #define NONE_PARITY     0       //无校验
  16          #define ODD_PARITY      1       //奇校验
  17          #define EVEN_PARITY     2       //偶校验
  18          #define MARK_PARITY     3       //标记校验
  19          #define SPACE_PARITY    4       //空白校验
  20          
  21          #define PARITYBIT NONE_PARITY   //定义校验位
  22          #define S2RI  0x01              //S2CON.0
  23          #define S2TI  0x02              //S2CON.1
  24          #define S2RB8 0x04              //S2CON.2
  25          #define S2TB8 0x08              //S2CON.3
  26          #define S2_S0 0x01              //P_SW2.0
  27          
  28          bit busy;
  29          
  30          void uart2_init()
  31          {
  32   1          P_SW2 &= ~S2_S0;            //S2_S0=0 (P1.0/RxD2, P1.1/TxD2)
  33   1      
  34   1      #if (PARITYBIT == NONE_PARITY)
  35   1          S2CON = 0x50;               //8位可变波特率
  36   1      #elif (PARITYBIT == ODD_PARITY) || (PARITYBIT == EVEN_PARITY) || (PARITYBIT == MARK_PARITY)
                  S2CON = 0xda;               //9位可变波特率,校验位初始为1
              #elif (PARITYBIT == SPACE_PARITY)
                  S2CON = 0xd2;               //9位可变波特率,校验位初始为0
              #endif
  41   1      
  42   1          T2L = (65536 - (FOSC/4/BAUD));   //设置波特率重装值
  43   1          T2H = (65536 - (FOSC/4/BAUD))>>8;
  44   1          AUXR = 0x14;                //T2为1T模式, 并启动定时器2
  45   1          IE2 = 0x01;                 //使能串口2中断
  46   1          EA = 1;
  47   1      }
  48          
  49          /*----------------------------
  50          UART2 中断服务程序
  51          -----------------------------*/
  52          void uart2_receive() interrupt 8
  53          {
  54   1        char bittest1;
C51 COMPILER V9.59.0.0   UART2                                                             02/06/2020 12:00:18 PAGE 2   

  55   1        char bittest2;
  56   1          if (S2CON & S2RI)
  57   1          {
  58   2              S2CON &= ~S2RI;         //清除S2RI位
  59   2            
  60   2              bittest1 = S2BUF;             //P0显示串口数据
  61   2            if(bittest1!='\n')
  62   2            {
  63   3            uart2buf[uart2datacount]=bittest1;
  64   3              uart2datacount++;
  65   3            }
  66   2              else
  67   2              {
  68   3              uart2datacount=0;
  69   3              }
  70   2                      
  71   2              bittest2 = (S2CON & S2RB8);   //P2.2显示校验位
  72   2          }
  73   1          if (S2CON & S2TI)
  74   1          {
  75   2              S2CON &= ~S2TI;         //清除S2TI位
  76   2              busy = 0;               //清忙标志
  77   2          }
  78   1      }
  79          
  80          /*----------------------------
  81          发送串口数据
  82          ----------------------------*/
  83          void SendData(BYTE dat)
  84          {
  85   1          while (busy);               //等待前面的数据发送完成
  86   1          ACC = dat;                  //获取校验位P (PSW.0)
  87   1          if (P)                      //根据P来设置校验位
  88   1          {
  89   2      #if (PARITYBIT == ODD_PARITY)
                      S2CON &= ~S2TB8;        //设置校验位为0
              #elif (PARITYBIT == EVEN_PARITY)
                      S2CON |= S2TB8;         //设置校验位为1
              #endif
  94   2          }
  95   1          else
  96   1          {
  97   2      #if (PARITYBIT == ODD_PARITY)
                      S2CON |= S2TB8;         //设置校验位为1
              #elif (PARITYBIT == EVEN_PARITY)
                      S2CON &= ~S2TB8;        //设置校验位为0
              #endif
 102   2          }
 103   1          busy = 1;
 104   1          S2BUF = ACC;                //写数据到UART2数据寄存器
 105   1      }
 106          
 107          /*----------------------------
 108          发送字符串
 109          ----------------------------*/
 110          void uart2_printf(char *s)
 111          {
 112   1          while (*s)                  //检测字符串结束标志
 113   1          {
 114   2              SendData(*s++);         //发送当前字符
 115   2          }
 116   1      }
C51 COMPILER V9.59.0.0   UART2                                                             02/06/2020 12:00:18 PAGE 3   

 117          


MODULE INFORMATION:   STATIC OVERLAYABLE
   CODE SIZE        =    144    ----
   CONSTANT SIZE    =   ----    ----
   XDATA SIZE       =   ----    ----
   PDATA SIZE       =   ----    ----
   DATA SIZE        =      2       4
   IDATA SIZE       =   ----    ----
   BIT SIZE         =      1    ----
   EDATA SIZE       =   ----    ----
   HDATA SIZE       =   ----    ----
   XDATA CONST SIZE =   ----    ----
   FAR CONST SIZE   =   ----    ----
END OF MODULE INFORMATION.


C51 COMPILATION COMPLETE.  0 WARNING(S),  0 ERROR(S)
