C51 COMPILER V9.59.0.0   MOTO                                                              11/03/2019 14:53:45 PAGE 1   


C51 COMPILER V9.59.0.0, COMPILATION OF MODULE MOTO
OBJECT MODULE PLACED IN moto.OBJ
COMPILER INVOKED BY: C:\Keil_v5\C51\BIN\C51.EXE moto.c BROWSE DEBUG OBJECTEXTEND TABS(2)

line level    source

   1          #include "stc8.h"
   2          #include "moto.h"
   3          #include "delay.h"
   4          void zuopingyi()
   5          {
   6   1      delay_ms(1500);
   7   1      P44=~P44;
   8   1      P34=~P34;
   9   1      P36=~P36;
  10   1      P37=~P37;
  11   1      P17=0;
  12   1      P16=0;
  13   1      P41=1;
  14   1      P42=1;
  15   1      }
  16          void youpingyi()
  17          {
  18   1      delay_ms(1500);
  19   1      P44=~P44;
  20   1      P34=~P34;
  21   1      P36=~P36;
  22   1      P37=~P37;
  23   1      P17=1;      //P17 high 2号电机反转
  24   1      P16=1;      //P16 high 1号电机正转
  25   1      P41=0;      //P41 low 3号电机后转
  26   1      P42=0;      //P42 high 4号电机后转
  27   1      }
  28          void houtui()
  29          {
  30   1      delay_ms(1500);
  31   1      P44=~P44;
  32   1      P34=~P34;
  33   1      P36=~P36;
  34   1      P37=~P37;
  35   1      P17=1;
  36   1      P16=0;
  37   1      P41=0;
  38   1      P42=1;
  39   1      }
  40          void qianjin()
  41          {
  42   1      delay_ms(1500);
  43   1      P44=~P44;
  44   1      P34=~P34;
  45   1      P36=~P36;
  46   1      P37=~P37;
  47   1      P17=0;
  48   1      P16=1;
  49   1      P41=1;
  50   1      P42=0;
  51   1      }
  52          
  53          void tingzhi2()
  54          {
  55   1      P34=0;
C51 COMPILER V9.59.0.0   MOTO                                                              11/03/2019 14:53:45 PAGE 2   

  56   1      }
  57          void tingzhi1()
  58          {
  59   1      P44=0;
  60   1      }
  61          void tingzhi4()
  62          {
  63   1      P36=0;
  64   1      }
  65          void tingzhi3()
  66          {
  67   1      P37=0;
  68   1      }
  69          void tingzhi()
  70          {
  71   1      P44=0;
  72   1      P34=0;
  73   1      P36=0;
  74   1      P37=0;
  75   1      }
  76          
  77          


MODULE INFORMATION:   STATIC OVERLAYABLE
   CODE SIZE        =    117    ----
   CONSTANT SIZE    =   ----    ----
   XDATA SIZE       =   ----    ----
   PDATA SIZE       =   ----    ----
   DATA SIZE        =   ----    ----
   IDATA SIZE       =   ----    ----
   BIT SIZE         =   ----    ----
END OF MODULE INFORMATION.


C51 COMPILATION COMPLETE.  0 WARNING(S),  0 ERROR(S)
